<?xml version="1.0" encoding="UTF-8"?>
<testsuite name="hudson.FilePathTest" time="33.488" tests="24" errors="0" skipped="1" failures="0">
  <properties>
[...]
</properties>
  <testcase name="validateAntFileMaskBounded" classname="hudson.FilePathTest" time="1.452"/>
  <testcase name="errorMessageInRemoteCopyRecursive" classname="hudson.FilePathTest" time="22.419"/>
  <testcase name="listWithExcludes" classname="hudson.FilePathTest" time="0.034"/>
  <testcase name="normalization" classname="hudson.FilePathTest" time="0.006"/>
  <testcase name="copyTo" classname="hudson.FilePathTest" time="0.019"/>
  <testcase name="noRaceConditionInCopyTo" classname="hudson.FilePathTest" time="0.528"/>
  <testcase name="isUnix" classname="hudson.FilePathTest" time="0.035"/>
  <testcase name="noFileLeakInCopyTo" classname="hudson.FilePathTest" time="7.637"/>
  <testcase name="copyToWithPermission" classname="hudson.FilePathTest" time="1.096"/>
  <testcase name="repeatCopyRecursiveTo" classname="hudson.FilePathTest" time="0.023"/>
  <testcase name="archiveBug" classname="hudson.FilePathTest" time="0.046"/>
  <testcase name="deleteLongPathOnWindows" classname="hudson.FilePathTest" time="0.021"/>
  <testcase name="list" classname="hudson.FilePathTest" time="0.008"/>
  <testcase name="installIfNecessaryPerformsInstallation" classname="hudson.FilePathTest" time="0.058"/>
  <testcase name="installIfNecessaryAvoidsExcessiveDownloadsByUsingIfModifiedSince" classname="hudson.FilePathTest" time="0.005"/>
  <testcase name="moveAllChildrenTo" classname="hudson.FilePathTest" time="0.005"/>
  <testcase name="compressTarUntarRoundTrip" classname="hudson.FilePathTest" time="0.044"/>
  <testcase name="archiveBigFile" classname="hudson.FilePathTest" time="0">
    <skipped/>
  </testcase>
  <testcase name="getParent" classname="hudson.FilePathTest" time="0.004"/>
  <testcase name="multiSegmentRelativePaths" classname="hudson.FilePathTest" time="0.004"/>
  <testcase name="installIfNecessarySkipsDownloadWhenErroneous" classname="hudson.FilePathTest" time="0.008"/>
  <testcase name="validateAntFileMask" classname="hudson.FilePathTest" time="0.026"/>
  <testcase name="symlinkInTar" classname="hudson.FilePathTest" time="0.005"/>
  <testcase name="listWithDefaultExcludes" classname="hudson.FilePathTest" time="0.005"/>
</testsuite>